# project  configured on Wed Dec 25 18:11:56 2019 by
# waf 1.7.11 (abi 98, python 20711f0 on linux2)
# using /home/andrew/.pebble-sdk/SDKs/current/sdk-core/pebble/waf configure
#
----------------------------------------
Setting top to
/home/andrew/busbuzz
----------------------------------------
Setting out to
/home/andrew/busbuzz/build
----------------------------------------
Checking for program webpack
/home/andrew/.pebble-sdk/SDKs/current/node_modules/.bin/webpack
find program=['webpack'] paths=['/home/andrew/.pebble-sdk/SDKs/current/node_modules/.bin'] var='WEBPACK' -> '/home/andrew/.pebble-sdk/SDKs/current/node_modules/.bin/webpack'
----------------------------------------
Found Pebble SDK for basalt in:
/home/andrew/.pebble-sdk/SDKs/current/sdk-core/pebble/basalt
----------------------------------------
Checking for program gcc,cc
arm-none-eabi-gcc
find program=['gcc', 'cc'] paths='' var='CC' -> 'arm-none-eabi-gcc'
----------------------------------------
Checking for program ar
arm-none-eabi-ar
find program=['ar'] paths='' var='AR' -> 'arm-none-eabi-ar'
